<?xml version="1.0" encoding="UTF-8"?>
<!-- Generated by org.testng.reporters.JUnitReportReporter -->
<testsuite hostname="LAPTOP-15RETHE4" failures="0" tests="1" name="com.crm.qa.testcases.DocumentsPageTest" time="96.360" errors="0" timestamp="2024-12-19T17:17:55 IST" skipped="0">
  <testcase classname="com.crm.qa.testcases.DocumentsPageTest" name="CreateNewDocument" time="96.360"/>
</testsuite> <!-- com.crm.qa.testcases.DocumentsPageTest -->
