<?xml version="1.0" encoding="UTF-8"?>
<!-- Generated by org.testng.reporters.JUnitReportReporter -->
<testsuite hostname="LAPTOP-15RETHE4" failures="0" tests="3" name="com.crm.qa.testcases.HomePageTest" time="283.910" errors="0" timestamp="2024-12-19T17:17:55 IST" skipped="0">
  <testcase classname="com.crm.qa.testcases.HomePageTest" name="validateHomePageTitle" time="85.971"/>
  <testcase classname="com.crm.qa.testcases.HomePageTest" name="verifyAccountHolderName" time="94.324"/>
  <testcase classname="com.crm.qa.testcases.HomePageTest" name="verifyCalendarLinkTest" time="103.615"/>
</testsuite> <!-- com.crm.qa.testcases.HomePageTest -->
