<?xml version="1.0" encoding="UTF-8"?>
<!-- Generated by org.testng.reporters.JUnitReportReporter -->
<testsuite hostname="LAPTOP-15RETHE4" failures="0" tests="2" name="com.crm.qa.testcases.CalendarPageTest" time="59.667" errors="0" timestamp="2024-12-08T20:45:03 IST" skipped="0">
  <testcase classname="com.crm.qa.testcases.CalendarPageTest" name="createCalendar" time="24.509"/>
  <testcase classname="com.crm.qa.testcases.CalendarPageTest" name="clickOnNextMonthCalendar" time="35.158"/>
</testsuite> <!-- com.crm.qa.testcases.CalendarPageTest -->
